ERROR:root:==============================================================================================================
ERROR:root:2022-10-04 07:42:39.953805
ERROR:root:Error on video id: MhQvkPMNt70. Message: Can't retrieve comments for video id: MhQvkPMNt70. Error message: object of type 'float' has no len()
ERROR:root:==============================================================================================================
ERROR:root:2022-10-04 07:42:40.406928
ERROR:root:Error on video id: vmWLUAsas60. Message: Can't retrieve comments for video id: vmWLUAsas60. Error message: object of type 'float' has no len()
ERROR:root:==============================================================================================================
ERROR:root:2022-10-04 07:42:40.500680
ERROR:root:Error on video id: horNJVMqRw0. Message: Can't retrieve comments for video id: horNJVMqRw0. Error message: object of type 'float' has no len()
ERROR:root:==============================================================================================================
ERROR:root:2022-10-04 07:42:44.527408
ERROR:root:Error on video id: lM1o1xe5FGE. Message: Can't retrieve comments for video id: lM1o1xe5FGE. Error message: object of type 'float' has no len()
ERROR:root:==============================================================================================================
ERROR:root:2022-10-04 07:42:47.811711
ERROR:root:Error on video id: iq4VjE0_AVQ. Message: Can't retrieve comments for video id: iq4VjE0_AVQ. Error message: object of type 'float' has no len()
ERROR:root:==============================================================================================================
ERROR:root:2022-10-04 07:42:50.708357
ERROR:root:Error on video id: on3M7YWlewo. Message: Can't retrieve comments for video id: on3M7YWlewo. Error message: object of type 'float' has no len()
ERROR:root:==============================================================================================================
ERROR:root:2022-10-04 07:42:51.538018
ERROR:root:Error on video id: dpV2ULCb6WU. Message: Can't retrieve comments for video id: dpV2ULCb6WU. Error message: object of type 'float' has no len()
ERROR:root:==============================================================================================================
ERROR:root:2022-10-04 07:42:52.065871
ERROR:root:Error on video id: DCBBm-zgWSo. Message: Can't retrieve comments for video id: DCBBm-zgWSo. Error message: object of type 'float' has no len()
ERROR:root:==============================================================================================================
ERROR:root:2022-10-04 07:42:53.062234
ERROR:root:Error on video id: UD24i0xiWxY. Message: Can't retrieve comments for video id: UD24i0xiWxY. Error message: object of type 'float' has no len()
ERROR:root:==============================================================================================================
ERROR:root:2022-10-04 07:42:57.667576
ERROR:root:Error on video id: 4unjPqgrugw. Message: Can't retrieve comments for video id: 4unjPqgrugw. Error message: object of type 'float' has no len()
ERROR:root:==============================================================================================================
ERROR:root:2022-10-04 07:42:58.003041
ERROR:root:Error on video id: X8DdhRcUjpc. Message: Can't retrieve comments for video id: X8DdhRcUjpc. Error message: object of type 'float' has no len()
ERROR:root:==============================================================================================================
ERROR:root:2022-10-04 07:42:59.645720
ERROR:root:Error on video id: gKCCz59QtVE. Message: Can't retrieve comments for video id: gKCCz59QtVE. Error message: object of type 'float' has no len()
ERROR:root:==============================================================================================================
ERROR:root:2022-10-04 07:43:01.753042
ERROR:root:Error on video id: A9kCb0E4O3g. Message: Can't retrieve comments for video id: A9kCb0E4O3g. Error message: object of type 'float' has no len()
ERROR:root:==============================================================================================================
ERROR:root:2022-10-04 07:43:02.200075
ERROR:root:Error on video id: a3RDwAlJgb4. Message: Can't retrieve comments for video id: a3RDwAlJgb4. Error message: object of type 'float' has no len()
ERROR:root:==============================================================================================================
ERROR:root:2022-10-04 07:43:02.338501
ERROR:root:Error on video id: FKGEFnBTbNM. Message: Can't retrieve comments for video id: FKGEFnBTbNM. Error message: object of type 'float' has no len()
ERROR:root:==============================================================================================================
ERROR:root:2022-10-04 07:43:02.787928
ERROR:root:Error on video id: HvdNtZ5zPTs. Message: Can't retrieve comments for video id: HvdNtZ5zPTs. Error message: object of type 'float' has no len()
ERROR:root:==============================================================================================================
ERROR:root:2022-10-04 07:43:08.563557
ERROR:root:Error on video id: ih78dz2XyLc. Message: Can't retrieve comments for video id: ih78dz2XyLc. Error message: object of type 'float' has no len()
ERROR:root:==============================================================================================================
ERROR:root:2022-10-04 07:43:11.094922
ERROR:root:Error on video id: BH5kMAHANr0. Message: Can't retrieve comments for video id: BH5kMAHANr0. Error message: object of type 'float' has no len()
ERROR:root:==============================================================================================================
ERROR:root:2022-10-04 07:43:13.868912
ERROR:root:Error on video id: VNeZi1y_v88. Message: Can't retrieve comments for video id: VNeZi1y_v88. Error message: object of type 'float' has no len()
ERROR:root:==============================================================================================================
ERROR:root:2022-10-04 07:43:15.506242
ERROR:root:Error on video id: J83cMBUTad4. Message: Can't retrieve comments for video id: J83cMBUTad4. Error message: object of type 'float' has no len()
ERROR:root:==============================================================================================================
ERROR:root:2022-10-04 07:43:15.962851
ERROR:root:Error on video id: RJBfsiqc98o. Message: Can't retrieve comments for video id: RJBfsiqc98o. Error message: object of type 'float' has no len()
ERROR:root:==============================================================================================================
ERROR:root:2022-10-04 07:43:16.072643
ERROR:root:Error on video id: 1i8pwnruZcw. Message: Can't retrieve comments for video id: 1i8pwnruZcw. Error message: object of type 'float' has no len()
ERROR:root:==============================================================================================================
ERROR:root:2022-10-04 07:43:19.617608
ERROR:root:Error on video id: s68Zr0JHNMg. Message: Can't retrieve comments for video id: s68Zr0JHNMg. Error message: object of type 'float' has no len()
ERROR:root:==============================================================================================================
ERROR:root:2022-10-04 07:43:21.598650
ERROR:root:Error on video id: lrWD1kVi0ME. Message: Can't retrieve comments for video id: lrWD1kVi0ME. Error message: object of type 'float' has no len()
ERROR:root:==============================================================================================================
ERROR:root:2022-10-04 07:43:23.456921
ERROR:root:Error on video id: JqMBNCo7LPE. Message: Can't retrieve comments for video id: JqMBNCo7LPE. Error message: object of type 'float' has no len()
ERROR:root:==============================================================================================================
ERROR:root:2022-10-04 07:43:24.980248
ERROR:root:Error on video id: iCjGE43l_2E. Message: Can't retrieve comments for video id: iCjGE43l_2E. Error message: object of type 'float' has no len()
ERROR:root:==============================================================================================================
ERROR:root:2022-10-04 07:43:27.091590
ERROR:root:Error on video id: 4werfN6fQ44. Message: Can't retrieve comments for video id: 4werfN6fQ44. Error message: object of type 'float' has no len()
ERROR:root:==============================================================================================================
ERROR:root:2022-10-04 07:43:28.149988
ERROR:root:Error on video id: fuv2oyvTJbI. Message: Can't retrieve comments for video id: fuv2oyvTJbI. Error message: object of type 'float' has no len()
ERROR:root:==============================================================================================================
ERROR:root:2022-10-04 07:43:30.673731
ERROR:root:Error on video id: PvG8y3bNmgg. Message: Can't retrieve comments for video id: PvG8y3bNmgg. Error message: The size of tensor a (620) must match the size of tensor b (512) at non-singleton dimension 1
ERROR:root:==============================================================================================================
ERROR:root:2022-10-04 07:43:30.988068
ERROR:root:Error on video id: o7e-hJx3YcY. Message: Can't retrieve comments for video id: o7e-hJx3YcY. Error message: object of type 'float' has no len()
ERROR:root:==============================================================================================================
ERROR:root:2022-10-04 07:43:32.505596
ERROR:root:Error on video id: wIAuRc7TrrM. Message: Can't retrieve comments for video id: wIAuRc7TrrM. Error message: object of type 'float' has no len()
ERROR:root:==============================================================================================================
ERROR:root:2022-10-04 07:43:32.536845
ERROR:root:Error on video id: evHA5Y1mMXc. Message: Can't retrieve comments for video id: evHA5Y1mMXc. Error message: object of type 'float' has no len()
ERROR:root:==============================================================================================================
ERROR:root:2022-10-04 07:43:33.533098
ERROR:root:Error on video id: VZa5GWiLje4. Message: Can't retrieve comments for video id: VZa5GWiLje4. Error message: object of type 'float' has no len()
ERROR:root:==============================================================================================================
ERROR:root:2022-10-04 07:43:36.730121
ERROR:root:Error on video id: mLs1y_KSTKk. Message: Can't retrieve comments for video id: mLs1y_KSTKk. Error message: object of type 'float' has no len()
ERROR:root:==============================================================================================================
ERROR:root:2022-10-04 07:43:39.682250
ERROR:root:Error on video id: beER2ztu1PE. Message: Can't retrieve comments for video id: beER2ztu1PE. Error message: object of type 'float' has no len()
ERROR:root:==============================================================================================================
ERROR:root:2022-10-04 07:43:41.250316
ERROR:root:Error on video id: y-AJwogMrAU. Message: Can't retrieve comments for video id: y-AJwogMrAU. Error message: object of type 'float' has no len()
ERROR:root:==============================================================================================================
ERROR:root:2022-10-04 07:43:42.735524
ERROR:root:Error on video id: ihI3Y21aqOk. Message: Can't retrieve comments for video id: ihI3Y21aqOk. Error message: object of type 'float' has no len()
ERROR:root:==============================================================================================================
ERROR:root:2022-10-04 07:43:43.064300
ERROR:root:Error on video id: Vpu95-MYgtw. Message: Can't retrieve comments for video id: Vpu95-MYgtw. Error message: object of type 'float' has no len()
ERROR:root:==============================================================================================================
ERROR:root:2022-10-04 07:43:44.368640
ERROR:root:Error on video id: U7oKDtytJnE. Message: Can't retrieve comments for video id: U7oKDtytJnE. Error message: object of type 'float' has no len()
ERROR:root:==============================================================================================================
ERROR:root:2022-10-04 07:43:48.064401
ERROR:root:Error on video id: 9SnL3xz4pqY. Message: Can't retrieve comments for video id: 9SnL3xz4pqY. Error message: object of type 'float' has no len()
ERROR:root:==============================================================================================================
ERROR:root:2022-10-04 07:43:48.378855
ERROR:root:Error on video id: dHva0-ckVMw. Message: Can't retrieve comments for video id: dHva0-ckVMw. Error message: object of type 'float' has no len()
ERROR:root:==============================================================================================================
ERROR:root:2022-10-04 07:43:49.015656
ERROR:root:Error on video id: OyFg291i8Ak. Message: Can't retrieve comments for video id: OyFg291i8Ak. Error message: object of type 'float' has no len()
ERROR:root:==============================================================================================================
ERROR:root:2022-10-04 07:43:49.886060
ERROR:root:Error on video id: ePgLOVNMSTo. Message: Can't retrieve comments for video id: ePgLOVNMSTo. Error message: object of type 'float' has no len()
ERROR:root:==============================================================================================================
ERROR:root:2022-10-04 07:43:50.441062
ERROR:root:Error on video id: 7UgZDDOMMlE. Message: Can't retrieve comments for video id: 7UgZDDOMMlE. Error message: object of type 'float' has no len()
ERROR:root:==============================================================================================================
ERROR:root:2022-10-04 07:43:52.172378
ERROR:root:Error on video id: HKPy5RWuqNA. Message: Can't retrieve comments for video id: HKPy5RWuqNA. Error message: object of type 'float' has no len()
ERROR:root:==============================================================================================================
ERROR:root:2022-10-04 07:43:52.853463
ERROR:root:Error on video id: 2DFQNPx5sxA. Message: Can't retrieve comments for video id: 2DFQNPx5sxA. Error message: object of type 'float' has no len()
ERROR:root:==============================================================================================================
ERROR:root:2022-10-04 07:43:55.033876
ERROR:root:Error on video id: sXTPFy4qO00. Message: Can't retrieve comments for video id: sXTPFy4qO00. Error message: object of type 'float' has no len()
ERROR:root:==============================================================================================================
ERROR:root:2022-10-04 07:43:55.808811
ERROR:root:Error on video id: ZBtdTiHsQqI. Message: Can't retrieve comments for video id: ZBtdTiHsQqI. Error message: object of type 'float' has no len()
ERROR:root:==============================================================================================================
ERROR:root:2022-10-04 07:43:59.242019
ERROR:root:Error on video id: Gn16wo58MWY. Message: Can't retrieve comments for video id: Gn16wo58MWY. Error message: object of type 'float' has no len()
ERROR:root:==============================================================================================================
ERROR:root:2022-10-04 07:44:01.603348
ERROR:root:Error on video id: 7voEoWRKbAE. Message: Can't retrieve comments for video id: 7voEoWRKbAE. Error message: object of type 'float' has no len()
ERROR:root:==============================================================================================================
ERROR:root:2022-10-04 07:44:05.195037
ERROR:root:Error on video id: HdXEXFw4GIM. Message: Can't retrieve comments for video id: HdXEXFw4GIM. Error message: object of type 'float' has no len()
ERROR:root:==============================================================================================================
ERROR:root:2022-10-04 07:44:05.603376
ERROR:root:Error on video id: hxrDtnB4VnU. Message: Can't retrieve comments for video id: hxrDtnB4VnU. Error message: object of type 'float' has no len()
ERROR:root:==============================================================================================================
ERROR:root:2022-10-04 07:44:06.453509
ERROR:root:Error on video id: d1NmpF0M4SM. Message: Can't retrieve comments for video id: d1NmpF0M4SM. Error message: object of type 'float' has no len()
ERROR:root:==============================================================================================================
ERROR:root:2022-10-04 07:44:09.135581
ERROR:root:Error on video id: XPuMu_ENzlg. Message: Can't retrieve comments for video id: XPuMu_ENzlg. Error message: object of type 'float' has no len()
ERROR:root:==============================================================================================================
ERROR:root:2022-10-04 07:44:13.214159
ERROR:root:Error on video id: hkC2JgC9CR4. Message: Can't retrieve comments for video id: hkC2JgC9CR4. Error message: object of type 'float' has no len()
ERROR:root:==============================================================================================================
ERROR:root:2022-10-04 07:44:14.184639
ERROR:root:Error on video id: oU4moy3Wz4c. Message: Can't retrieve comments for video id: oU4moy3Wz4c. Error message: object of type 'float' has no len()
ERROR:root:==============================================================================================================
ERROR:root:2022-10-04 07:44:18.504515
ERROR:root:Error on video id: zfYeylQV6VE. Message: Can't retrieve comments for video id: zfYeylQV6VE. Error message: object of type 'float' has no len()
ERROR:root:==============================================================================================================
ERROR:root:2022-10-04 07:44:18.658914
ERROR:root:Error on video id: 5L6XASd7uwE. Message: Can't retrieve comments for video id: 5L6XASd7uwE. Error message: object of type 'float' has no len()
ERROR:root:==============================================================================================================
ERROR:root:2022-10-04 07:44:19.363765
ERROR:root:Error on video id: mW4iEGH1-1E. Message: Can't retrieve comments for video id: mW4iEGH1-1E. Error message: object of type 'float' has no len()
ERROR:root:==============================================================================================================
ERROR:root:2022-10-04 07:44:21.742187
ERROR:root:Error on video id: WGsCzaI5qrM. Message: Can't retrieve comments for video id: WGsCzaI5qrM. Error message: object of type 'float' has no len()
ERROR:root:==============================================================================================================
ERROR:root:2022-10-04 07:44:24.998075
ERROR:root:Error on video id: V1L45nP7FOo. Message: Can't retrieve comments for video id: V1L45nP7FOo. Error message: object of type 'float' has no len()
ERROR:root:==============================================================================================================
ERROR:root:2022-10-04 07:44:25.594859
ERROR:root:Error on video id: 3SdNW3_Sh6E. Message: Can't retrieve comments for video id: 3SdNW3_Sh6E. Error message: object of type 'float' has no len()
ERROR:root:==============================================================================================================
ERROR:root:2022-10-04 07:44:27.316525
ERROR:root:Error on video id: YnDeJn-BX5Q. Message: Can't retrieve comments for video id: YnDeJn-BX5Q. Error message: object of type 'float' has no len()
ERROR:root:==============================================================================================================
ERROR:root:2022-10-04 07:44:27.841910
ERROR:root:Error on video id: mqylJmqYudQ. Message: Can't retrieve comments for video id: mqylJmqYudQ. Error message: object of type 'float' has no len()
ERROR:root:==============================================================================================================
ERROR:root:2022-10-04 07:44:28.668186
ERROR:root:Error on video id: H3P7wiVIhWk. Message: Can't retrieve comments for video id: H3P7wiVIhWk. Error message: object of type 'float' has no len()
ERROR:root:==============================================================================================================
ERROR:root:2022-10-04 07:44:32.563507
ERROR:root:Error on video id: LAJJay0Uv4M. Message: Can't retrieve comments for video id: LAJJay0Uv4M. Error message: object of type 'float' has no len()
ERROR:root:==============================================================================================================
ERROR:root:2022-10-04 07:44:33.380649
ERROR:root:Error on video id: YHE5gxmvEQ8. Message: Can't retrieve comments for video id: YHE5gxmvEQ8. Error message: object of type 'float' has no len()
ERROR:root:==============================================================================================================
ERROR:root:2022-10-04 07:44:33.916612
ERROR:root:Error on video id: ZnR2KrXcovM. Message: Can't retrieve comments for video id: ZnR2KrXcovM. Error message: object of type 'float' has no len()
ERROR:root:==============================================================================================================
ERROR:root:2022-10-04 07:44:34.792057
ERROR:root:Error on video id: 2qtFPOxDMs4. Message: Can't retrieve comments for video id: 2qtFPOxDMs4. Error message: object of type 'float' has no len()
ERROR:root:==============================================================================================================
ERROR:root:2022-10-04 07:44:36.652585
ERROR:root:Error on video id: h0zAlXr1UOs. Message: Can't retrieve comments for video id: h0zAlXr1UOs. Error message: object of type 'float' has no len()
ERROR:root:==============================================================================================================
ERROR:root:2022-10-04 07:44:37.780103
ERROR:root:Error on video id: 1WjsqVwWyrI. Message: Can't retrieve comments for video id: 1WjsqVwWyrI. Error message: object of type 'float' has no len()
ERROR:root:==============================================================================================================
ERROR:root:2022-10-04 07:44:38.868322
ERROR:root:Error on video id: VXtsDoAreBk. Message: Can't retrieve comments for video id: VXtsDoAreBk. Error message: object of type 'float' has no len()
ERROR:root:==============================================================================================================
ERROR:root:2022-10-04 07:44:39.779406
ERROR:root:Error on video id: ZTc7TuVazy0. Message: Can't retrieve comments for video id: ZTc7TuVazy0. Error message: object of type 'float' has no len()
ERROR:root:==============================================================================================================
ERROR:root:2022-10-04 07:44:40.716741
ERROR:root:Error on video id: YEkkL6-MWTA. Message: Can't retrieve comments for video id: YEkkL6-MWTA. Error message: object of type 'float' has no len()
ERROR:root:==============================================================================================================
ERROR:root:2022-10-04 07:44:42.267086
ERROR:root:Error on video id: IiJLJd7cH1c. Message: Can't retrieve comments for video id: IiJLJd7cH1c. Error message: object of type 'float' has no len()
ERROR:root:==============================================================================================================
ERROR:root:2022-10-04 07:44:42.597244
ERROR:root:Error on video id: MrS6_3zEyjk. Message: Can't retrieve comments for video id: MrS6_3zEyjk. Error message: object of type 'float' has no len()
ERROR:root:==============================================================================================================
ERROR:root:2022-10-04 07:44:44.296449
ERROR:root:Error on video id: Pl0GnMDdEF8. Message: Can't retrieve comments for video id: Pl0GnMDdEF8. Error message: object of type 'float' has no len()
ERROR:root:==============================================================================================================
ERROR:root:2022-10-04 07:44:45.037754
ERROR:root:Error on video id: 7LnMX1jgfRE. Message: Can't retrieve comments for video id: 7LnMX1jgfRE. Error message: object of type 'float' has no len()
ERROR:root:==============================================================================================================
ERROR:root:2022-10-04 07:44:45.697771
ERROR:root:Error on video id: ejxQOv53lXs. Message: Can't retrieve comments for video id: ejxQOv53lXs. Error message: object of type 'float' has no len()
ERROR:root:==============================================================================================================
ERROR:root:2022-10-04 07:44:46.214252
ERROR:root:Error on video id: cEDXjyARLaw. Message: Can't retrieve comments for video id: cEDXjyARLaw. Error message: object of type 'float' has no len()
ERROR:root:==============================================================================================================
ERROR:root:2022-10-04 07:44:49.378576
ERROR:root:Error on video id: XJhNzHyq-IE. Message: Can't retrieve comments for video id: XJhNzHyq-IE. Error message: object of type 'float' has no len()
ERROR:root:==============================================================================================================
ERROR:root:2022-10-04 07:44:51.508036
ERROR:root:Error on video id: 4yzjtnj8Y3U. Message: Can't retrieve comments for video id: 4yzjtnj8Y3U. Error message: object of type 'float' has no len()
ERROR:root:==============================================================================================================
ERROR:root:2022-10-04 07:44:55.153680
ERROR:root:Error on video id: hO80W0tpYx4. Message: Can't retrieve comments for video id: hO80W0tpYx4. Error message: object of type 'float' has no len()
ERROR:root:==============================================================================================================
ERROR:root:2022-10-04 07:44:56.884010
ERROR:root:Error on video id: NV3_O50BJK0. Message: Can't retrieve comments for video id: NV3_O50BJK0. Error message: object of type 'float' has no len()
ERROR:root:==============================================================================================================
ERROR:root:2022-10-04 07:44:57.636738
ERROR:root:Error on video id: 5B_X2xOBpFc. Message: Can't retrieve comments for video id: 5B_X2xOBpFc. Error message: object of type 'float' has no len()
ERROR:root:==============================================================================================================
ERROR:root:2022-10-04 07:44:58.014113
ERROR:root:Error on video id: gUmx_nUAD4M. Message: Can't retrieve comments for video id: gUmx_nUAD4M. Error message: object of type 'float' has no len()
ERROR:root:==============================================================================================================
ERROR:root:2022-10-04 07:44:58.055107
ERROR:root:Error on video id: tDe3kbmTlCE. Message: Can't retrieve comments for video id: tDe3kbmTlCE. Error message: object of type 'float' has no len()
ERROR:root:==============================================================================================================
ERROR:root:2022-10-04 07:44:59.227560
ERROR:root:Error on video id: 3TCI9Ptkyeg. Message: Can't retrieve comments for video id: 3TCI9Ptkyeg. Error message: object of type 'float' has no len()
ERROR:root:==============================================================================================================
ERROR:root:2022-10-04 07:44:59.921367
ERROR:root:Error on video id: -VBLDluFlnQ. Message: Can't retrieve comments for video id: -VBLDluFlnQ. Error message: object of type 'float' has no len()
ERROR:root:==============================================================================================================
ERROR:root:2022-10-04 07:45:00.523912
ERROR:root:Error on video id: mPMRDqMWKQ4. Message: Can't retrieve comments for video id: mPMRDqMWKQ4. Error message: object of type 'float' has no len()
ERROR:root:==============================================================================================================
ERROR:root:2022-10-04 07:45:01.100774
ERROR:root:Error on video id: eh2CZUH1FUs. Message: Can't retrieve comments for video id: eh2CZUH1FUs. Error message: object of type 'float' has no len()
ERROR:root:==============================================================================================================
ERROR:root:2022-10-04 07:45:01.867085
ERROR:root:Error on video id: TQr-fnhGUes. Message: Can't retrieve comments for video id: TQr-fnhGUes. Error message: object of type 'float' has no len()
ERROR:root:==============================================================================================================
ERROR:root:2022-10-04 07:45:05.221805
ERROR:root:Error on video id: 61AeW3d3fWo. Message: Can't retrieve comments for video id: 61AeW3d3fWo. Error message: object of type 'float' has no len()
ERROR:root:==============================================================================================================
ERROR:root:2022-10-04 07:45:08.272103
ERROR:root:Error on video id: Z3_Ke0gw6JA. Message: Can't retrieve comments for video id: Z3_Ke0gw6JA. Error message: object of type 'float' has no len()
ERROR:root:==============================================================================================================
ERROR:root:2022-10-04 07:45:08.722932
ERROR:root:Error on video id: TNEkwcY7OI0. Message: Can't retrieve comments for video id: TNEkwcY7OI0. Error message: object of type 'float' has no len()
ERROR:root:==============================================================================================================
ERROR:root:2022-10-04 07:45:11.836133
ERROR:root:Error on video id: 7DNNgvnnWLA. Message: Can't retrieve comments for video id: 7DNNgvnnWLA. Error message: object of type 'float' has no len()
ERROR:root:==============================================================================================================
ERROR:root:2022-10-04 07:45:13.766099
ERROR:root:Error on video id: RmW5331OP1c. Message: Can't retrieve comments for video id: RmW5331OP1c. Error message: object of type 'float' has no len()
ERROR:root:==============================================================================================================
ERROR:root:2022-10-04 07:45:13.963481
ERROR:root:Error on video id: Ms8_WIwKNTk. Message: Can't retrieve comments for video id: Ms8_WIwKNTk. Error message: object of type 'float' has no len()
ERROR:root:==============================================================================================================
ERROR:root:2022-10-04 07:45:15.207831
ERROR:root:Error on video id: dC3JZoYhGmA. Message: Can't retrieve comments for video id: dC3JZoYhGmA. Error message: object of type 'float' has no len()
ERROR:root:==============================================================================================================
ERROR:root:2022-10-04 07:45:17.100061
ERROR:root:Error on video id: oWJJGXvL7PM. Message: Can't retrieve comments for video id: oWJJGXvL7PM. Error message: object of type 'float' has no len()
ERROR:root:==============================================================================================================
ERROR:root:2022-10-04 07:45:20.115483
ERROR:root:Error on video id: 6QGrqYm4GVs. Message: Can't retrieve comments for video id: 6QGrqYm4GVs. Error message: object of type 'float' has no len()
ERROR:root:==============================================================================================================
ERROR:root:2022-10-04 07:45:20.264704
ERROR:root:Error on video id: wvPiuk0UTl8. Message: Can't retrieve comments for video id: wvPiuk0UTl8. Error message: object of type 'float' has no len()
ERROR:root:==============================================================================================================
ERROR:root:2022-10-04 07:45:21.471731
ERROR:root:Error on video id: RXZY_XRjABs. Message: Can't retrieve comments for video id: RXZY_XRjABs. Error message: object of type 'float' has no len()
ERROR:root:==============================================================================================================
ERROR:root:2022-10-04 07:45:22.910840
ERROR:root:Error on video id: 3rE3mPAtnWA. Message: Can't retrieve comments for video id: 3rE3mPAtnWA. Error message: object of type 'float' has no len()
ERROR:root:==============================================================================================================
ERROR:root:2022-10-04 07:45:25.827518
ERROR:root:Error on video id: uGyLFdzhw-c. Message: Can't retrieve comments for video id: uGyLFdzhw-c. Error message: object of type 'float' has no len()
ERROR:root:==============================================================================================================
ERROR:root:2022-10-04 07:45:25.972838
ERROR:root:Error on video id: _h2LqozNgjg. Message: Can't retrieve comments for video id: _h2LqozNgjg. Error message: object of type 'float' has no len()
ERROR:root:==============================================================================================================
ERROR:root:2022-10-04 07:45:28.685287
ERROR:root:Error on video id: 2LAijDQ2cIE. Message: Can't retrieve comments for video id: 2LAijDQ2cIE. Error message: object of type 'float' has no len()
ERROR:root:==============================================================================================================
ERROR:root:2022-10-04 07:45:30.998823
ERROR:root:Error on video id: EEYqgyXyk9A. Message: Can't retrieve comments for video id: EEYqgyXyk9A. Error message: object of type 'float' has no len()
ERROR:root:==============================================================================================================
ERROR:root:2022-10-04 07:45:31.617909
ERROR:root:Error on video id: fPeXQZ6irUk. Message: Can't retrieve comments for video id: fPeXQZ6irUk. Error message: object of type 'float' has no len()
ERROR:root:==============================================================================================================
ERROR:root:2022-10-04 07:45:34.275558
ERROR:root:Error on video id: -lEAyVdsaks. Message: Can't retrieve comments for video id: -lEAyVdsaks. Error message: object of type 'float' has no len()
ERROR:root:==============================================================================================================
ERROR:root:2022-10-04 07:45:36.126717
ERROR:root:Error on video id: _gtsHQra87U. Message: Can't retrieve comments for video id: _gtsHQra87U. Error message: object of type 'float' has no len()
ERROR:root:==============================================================================================================
ERROR:root:2022-10-04 07:45:36.649908
ERROR:root:Error on video id: PmNhYzQMQtU. Message: Can't retrieve comments for video id: PmNhYzQMQtU. Error message: object of type 'float' has no len()
ERROR:root:==============================================================================================================
ERROR:root:2022-10-04 07:45:38.599192
ERROR:root:Error on video id: JQYSRXT3CiU. Message: Can't retrieve comments for video id: JQYSRXT3CiU. Error message: object of type 'float' has no len()
ERROR:root:==============================================================================================================
ERROR:root:2022-10-04 07:45:38.918519
ERROR:root:Error on video id: ORVUjAOujCQ. Message: Can't retrieve comments for video id: ORVUjAOujCQ. Error message: object of type 'float' has no len()
ERROR:root:==============================================================================================================
ERROR:root:2022-10-04 07:45:39.175042
ERROR:root:Error on video id: A3wQio3fbqE. Message: Can't retrieve comments for video id: A3wQio3fbqE. Error message: object of type 'float' has no len()
ERROR:root:==============================================================================================================
ERROR:root:2022-10-04 07:45:40.947583
ERROR:root:Error on video id: sd6OxYZigFU. Message: Can't retrieve comments for video id: sd6OxYZigFU. Error message: object of type 'float' has no len()
ERROR:root:==============================================================================================================
ERROR:root:2022-10-04 07:45:41.465263
ERROR:root:Error on video id: eCFkA_7B3N4. Message: Can't retrieve comments for video id: eCFkA_7B3N4. Error message: object of type 'float' has no len()
ERROR:root:==============================================================================================================
ERROR:root:2022-10-04 07:45:41.502314
ERROR:root:Error on video id: 7mUs2fGLZ08. Message: Can't retrieve comments for video id: 7mUs2fGLZ08. Error message: object of type 'float' has no len()
ERROR:root:==============================================================================================================
ERROR:root:2022-10-04 07:45:43.152349
ERROR:root:Error on video id: gyhKXyatgi0. Message: Can't retrieve comments for video id: gyhKXyatgi0. Error message: object of type 'float' has no len()
ERROR:root:==============================================================================================================
ERROR:root:2022-10-04 07:45:47.326475
ERROR:root:Error on video id: P1GRO31ve5Q. Message: Can't retrieve comments for video id: P1GRO31ve5Q. Error message: object of type 'float' has no len()
ERROR:root:==============================================================================================================
ERROR:root:2022-10-04 07:45:47.458848
ERROR:root:Error on video id: 5DizkYh_XtM. Message: Can't retrieve comments for video id: 5DizkYh_XtM. Error message: object of type 'float' has no len()
ERROR:root:==============================================================================================================
ERROR:root:2022-10-04 07:45:47.689282
ERROR:root:Error on video id: eFft8vTJ68s. Message: Can't retrieve comments for video id: eFft8vTJ68s. Error message: object of type 'float' has no len()
ERROR:root:==============================================================================================================
ERROR:root:2022-10-04 07:45:49.256397
ERROR:root:Error on video id: s7ZOGXx2WTU. Message: Can't retrieve comments for video id: s7ZOGXx2WTU. Error message: object of type 'float' has no len()
ERROR:root:==============================================================================================================
ERROR:root:2022-10-04 07:45:53.517053
ERROR:root:Error on video id: FFwoxM1MiBw. Message: Can't retrieve comments for video id: FFwoxM1MiBw. Error message: object of type 'float' has no len()
ERROR:root:==============================================================================================================
ERROR:root:2022-10-04 07:45:54.833048
ERROR:root:Error on video id: fbJOR5XHSN8. Message: Can't retrieve comments for video id: fbJOR5XHSN8. Error message: object of type 'float' has no len()
ERROR:root:==============================================================================================================
ERROR:root:2022-10-04 07:45:56.904505
ERROR:root:Error on video id: syH7lAtOK9E. Message: Can't retrieve comments for video id: syH7lAtOK9E. Error message: object of type 'float' has no len()
ERROR:root:==============================================================================================================
ERROR:root:2022-10-04 07:46:00.723868
ERROR:root:Error on video id: DpEbBK-wNwc. Message: Can't retrieve comments for video id: DpEbBK-wNwc. Error message: object of type 'float' has no len()
ERROR:root:==============================================================================================================
ERROR:root:2022-10-04 07:46:00.868455
ERROR:root:Error on video id: yOW9uwXqAJo. Message: Can't retrieve comments for video id: yOW9uwXqAJo. Error message: object of type 'float' has no len()
ERROR:root:==============================================================================================================
ERROR:root:2022-10-04 07:46:04.453605
ERROR:root:Error on video id: GBO-H9EZW5c. Message: Can't retrieve comments for video id: GBO-H9EZW5c. Error message: object of type 'float' has no len()
ERROR:root:==============================================================================================================
ERROR:root:2022-10-04 07:46:07.463208
ERROR:root:Error on video id: gtjI6OHVk00. Message: Can't retrieve comments for video id: gtjI6OHVk00. Error message: object of type 'float' has no len()
ERROR:root:==============================================================================================================
ERROR:root:2022-10-04 07:46:08.034614
ERROR:root:Error on video id: DmphOgeyk70. Message: Can't retrieve comments for video id: DmphOgeyk70. Error message: object of type 'float' has no len()
ERROR:root:==============================================================================================================
ERROR:root:2022-10-04 07:46:08.347307
ERROR:root:Error on video id: A6sFvA24jhA. Message: Can't retrieve comments for video id: A6sFvA24jhA. Error message: object of type 'float' has no len()
ERROR:root:==============================================================================================================
ERROR:root:2022-10-04 07:46:09.137983
ERROR:root:Error on video id: 1pqnXR4U9w8. Message: Can't retrieve comments for video id: 1pqnXR4U9w8. Error message: object of type 'float' has no len()
ERROR:root:==============================================================================================================
ERROR:root:2022-10-04 07:46:11.428250
ERROR:root:Error on video id: C7CdL8xXmxE. Message: Can't retrieve comments for video id: C7CdL8xXmxE. Error message: object of type 'float' has no len()
ERROR:root:==============================================================================================================
ERROR:root:2022-10-04 07:46:11.825313
ERROR:root:Error on video id: bzvPiVoQcek. Message: Can't retrieve comments for video id: bzvPiVoQcek. Error message: object of type 'float' has no len()
ERROR:root:==============================================================================================================
ERROR:root:2022-10-04 07:46:48.576518
ERROR:root:Error on video id: OpffbDjWlog. Message: Can't retrieve comments for video id: OpffbDjWlog. Error message: object of type 'float' has no len()
ERROR:root:==============================================================================================================
ERROR:root:2022-10-04 07:46:48.776463
ERROR:root:Error on video id: oODSl9DK2DQ. Message: Can't retrieve comments for video id: oODSl9DK2DQ. Error message: object of type 'float' has no len()
ERROR:root:==============================================================================================================
ERROR:root:2022-10-04 07:50:32.958846
ERROR:root:Error on video id: 1Rl1TJG17Wk. Message: Can't retrieve comments for video id: 1Rl1TJG17Wk. Error message: object of type 'float' has no len()
ERROR:root:==============================================================================================================
ERROR:root:2022-10-04 07:51:27.574166
ERROR:root:Error on video id: FOl5-CwqB6s. Message: Can't retrieve comments for video id: FOl5-CwqB6s. Error message: object of type 'float' has no len()
ERROR:root:==============================================================================================================
ERROR:root:2022-10-04 07:54:32.701986
ERROR:root:Error on video id: jDriL5CUmjU. Message: Can't retrieve comments for video id: jDriL5CUmjU. Error message: object of type 'float' has no len()
ERROR:root:==============================================================================================================
ERROR:root:2022-10-04 07:56:39.319440
ERROR:root:Error on video id: q3ZmIwteUAY. Message: Can't retrieve comments for video id: q3ZmIwteUAY. Error message: object of type 'float' has no len()
ERROR:root:==============================================================================================================
ERROR:root:2022-10-04 07:57:04.908401
ERROR:root:Error on video id: HlFlZVLG46c. Message: Can't retrieve comments for video id: HlFlZVLG46c. Error message: object of type 'float' has no len()
ERROR:root:==============================================================================================================
ERROR:root:2022-10-04 07:57:40.562087
ERROR:root:Error on video id: D07XjD5L_e8. Message: Can't retrieve comments for video id: D07XjD5L_e8. Error message: object of type 'float' has no len()
ERROR:root:==============================================================================================================
ERROR:root:2022-10-04 08:00:23.123261
ERROR:root:Error on video id: WKKx5rG5mSI. Message: Can't retrieve comments for video id: WKKx5rG5mSI. Error message: object of type 'float' has no len()
ERROR:root:==============================================================================================================
ERROR:root:2022-10-04 08:00:47.892978
ERROR:root:Error on video id: NbnTf8MB8LI. Message: Can't retrieve comments for video id: NbnTf8MB8LI. Error message: object of type 'float' has no len()
ERROR:root:==============================================================================================================
ERROR:root:2022-10-04 08:03:42.424474
ERROR:root:Error on video id: QE7CGX1d6LU. Message: Can't retrieve comments for video id: QE7CGX1d6LU. Error message: object of type 'float' has no len()
ERROR:root:==============================================================================================================
ERROR:root:2022-10-04 08:06:01.239193
ERROR:root:Error on video id: Chf0ze80F3w. Message: Can't retrieve comments for video id: Chf0ze80F3w. Error message: object of type 'float' has no len()
ERROR:root:==============================================================================================================
ERROR:root:2022-10-04 08:08:01.399246
ERROR:root:Error on video id: M4L6ruTF5qE. Message: Can't retrieve comments for video id: M4L6ruTF5qE. Error message: object of type 'float' has no len()
ERROR:root:==============================================================================================================
ERROR:root:2022-10-04 08:10:17.193554
ERROR:root:Error on video id: NJCZ-COYBKo. Message: Can't retrieve comments for video id: NJCZ-COYBKo. Error message: object of type 'float' has no len()
ERROR:root:==============================================================================================================
ERROR:root:2022-10-04 08:11:21.885802
ERROR:root:Error on video id: k-vfzhfq5JA. Message: Can't retrieve comments for video id: k-vfzhfq5JA. Error message: object of type 'float' has no len()
ERROR:root:==============================================================================================================
ERROR:root:2022-10-04 08:12:21.742259
ERROR:root:Error on video id: yZxrao3zou4. Message: Can't retrieve comments for video id: yZxrao3zou4. Error message: object of type 'float' has no len()
ERROR:root:==============================================================================================================
ERROR:root:2022-10-04 08:12:41.603046
ERROR:root:Error on video id: j9Auh9MI-Kw. Message: Can't retrieve comments for video id: j9Auh9MI-Kw. Error message: object of type 'float' has no len()
ERROR:root:==============================================================================================================
ERROR:root:2022-10-04 08:13:37.382826
ERROR:root:Error on video id: VfnMqAHHdEI. Message: Can't retrieve comments for video id: VfnMqAHHdEI. Error message: object of type 'float' has no len()
ERROR:root:==============================================================================================================
ERROR:root:2022-10-04 08:17:33.766681
ERROR:root:Error on video id: 7_NfoEawuRM. Message: Can't retrieve comments for video id: 7_NfoEawuRM. Error message: object of type 'float' has no len()
ERROR:root:==============================================================================================================
ERROR:root:2022-10-04 08:20:33.736384
ERROR:root:Error on video id: gxcCcbC-vJY. Message: Can't retrieve comments for video id: gxcCcbC-vJY. Error message: object of type 'float' has no len()
ERROR:root:==============================================================================================================
ERROR:root:2022-10-04 08:24:09.247735
ERROR:root:Error on video id: g30KBZ4m61Y. Message: Can't retrieve comments for video id: g30KBZ4m61Y. Error message: object of type 'float' has no len()
ERROR:root:==============================================================================================================
ERROR:root:2022-10-04 08:25:26.952135
ERROR:root:Error on video id: JdbhvYBdNr4. Message: Can't retrieve comments for video id: JdbhvYBdNr4. Error message: object of type 'float' has no len()
ERROR:root:==============================================================================================================
ERROR:root:2022-10-04 08:25:41.548144
ERROR:root:Error on video id: NTAzcTZTY1g. Message: Can't retrieve comments for video id: NTAzcTZTY1g. Error message: object of type 'float' has no len()
ERROR:root:==============================================================================================================
ERROR:root:2022-10-04 08:26:35.623661
ERROR:root:Error on video id: vknG01yvT9s. Message: Can't retrieve comments for video id: vknG01yvT9s. Error message: object of type 'float' has no len()
ERROR:root:==============================================================================================================
ERROR:root:2022-10-04 08:26:59.327229
ERROR:root:Error on video id: EpnT__PBd6Q. Message: Can't retrieve comments for video id: EpnT__PBd6Q. Error message: object of type 'float' has no len()
ERROR:root:==============================================================================================================
ERROR:root:2022-10-04 08:27:48.943400
ERROR:root:Error on video id: cb8F1F_DlpE. Message: Can't retrieve comments for video id: cb8F1F_DlpE. Error message: object of type 'float' has no len()
ERROR:root:==============================================================================================================
ERROR:root:2022-10-04 08:28:41.047137
ERROR:root:Error on video id: DQYeYAPFsM8. Message: Can't retrieve comments for video id: DQYeYAPFsM8. Error message: object of type 'float' has no len()
ERROR:root:==============================================================================================================
ERROR:root:2022-10-04 08:28:54.008966
ERROR:root:Error on video id: C_puVuHoR6o. Message: Can't retrieve comments for video id: C_puVuHoR6o. Error message: object of type 'float' has no len()
ERROR:root:==============================================================================================================
ERROR:root:2022-10-04 08:29:32.353358
ERROR:root:Error on video id: Xj8FyGLhLwo. Message: Can't retrieve comments for video id: Xj8FyGLhLwo. Error message: object of type 'float' has no len()
ERROR:root:==============================================================================================================
ERROR:root:2022-10-04 08:31:01.612679
ERROR:root:Error on video id: hptxBJLUWz4. Message: Can't retrieve comments for video id: hptxBJLUWz4. Error message: object of type 'float' has no len()
ERROR:root:==============================================================================================================
ERROR:root:2022-10-04 08:32:03.289694
ERROR:root:Error on video id: tWyUJcA8Zfo. Message: Can't retrieve comments for video id: tWyUJcA8Zfo. Error message: object of type 'float' has no len()
ERROR:root:==============================================================================================================
ERROR:root:2022-10-04 08:33:14.264666
ERROR:root:Error on video id: WUjA_hcYzzI. Message: Can't retrieve comments for video id: WUjA_hcYzzI. Error message: object of type 'float' has no len()
ERROR:root:==============================================================================================================
ERROR:root:2022-10-04 08:34:42.749148
ERROR:root:Error on video id: -YhHeO1BuAI. Message: Can't retrieve comments for video id: -YhHeO1BuAI. Error message: object of type 'float' has no len()
ERROR:root:==============================================================================================================
ERROR:root:2022-10-04 08:35:58.897233
ERROR:root:Error on video id: ORKb_Vqbz9U. Message: Can't retrieve comments for video id: ORKb_Vqbz9U. Error message: object of type 'float' has no len()
ERROR:root:==============================================================================================================
ERROR:root:2022-10-04 08:36:29.260103
ERROR:root:Error on video id: xe0JiobQ98o. Message: Can't retrieve comments for video id: xe0JiobQ98o. Error message: object of type 'float' has no len()
ERROR:root:==============================================================================================================
ERROR:root:2022-10-04 08:36:30.978135
ERROR:root:Error on video id: myNAceLxHI4. Message: Can't retrieve comments for video id: myNAceLxHI4. Error message: object of type 'float' has no len()
ERROR:root:==============================================================================================================
ERROR:root:2022-10-04 08:38:25.976002
ERROR:root:Error on video id: NkIJ0f-IXLM. Message: Can't retrieve comments for video id: NkIJ0f-IXLM. Error message: object of type 'float' has no len()
ERROR:root:==============================================================================================================
ERROR:root:2022-10-04 08:38:50.158023
ERROR:root:Error on video id: Q1q3So-ngjo. Message: Can't retrieve comments for video id: Q1q3So-ngjo. Error message: object of type 'float' has no len()
ERROR:root:==============================================================================================================
ERROR:root:2022-10-04 08:39:56.158970
ERROR:root:Error on video id: iIrYd6fVpL8. Message: Can't retrieve comments for video id: iIrYd6fVpL8. Error message: object of type 'float' has no len()
ERROR:root:==============================================================================================================
ERROR:root:2022-10-04 08:40:16.607973
ERROR:root:Error on video id: qc6tL8cd9KQ. Message: Can't retrieve comments for video id: qc6tL8cd9KQ. Error message: object of type 'float' has no len()
ERROR:root:==============================================================================================================
ERROR:root:2022-10-04 08:40:54.345508
ERROR:root:Error on video id: wLoB1eCJ93k. Message: Can't retrieve comments for video id: wLoB1eCJ93k. Error message: object of type 'float' has no len()
ERROR:root:==============================================================================================================
ERROR:root:2022-10-04 08:41:07.311195
ERROR:root:Error on video id: ga0c0v-stK0. Message: Can't retrieve comments for video id: ga0c0v-stK0. Error message: object of type 'float' has no len()
ERROR:root:==============================================================================================================
ERROR:root:2022-10-04 08:41:20.162399
ERROR:root:Error on video id: gJuuz1LHhRM. Message: Can't retrieve comments for video id: gJuuz1LHhRM. Error message: object of type 'float' has no len()
ERROR:root:==============================================================================================================
ERROR:root:2022-10-04 08:41:49.352266
ERROR:root:Error on video id: 3GCxN9UJkTQ. Message: Can't retrieve comments for video id: 3GCxN9UJkTQ. Error message: object of type 'float' has no len()
ERROR:root:==============================================================================================================
ERROR:root:2022-10-04 08:42:01.298098
ERROR:root:Error on video id: ilXgGxmgUxU. Message: Can't retrieve comments for video id: ilXgGxmgUxU. Error message: object of type 'float' has no len()
ERROR:root:==============================================================================================================
ERROR:root:2022-10-04 08:44:11.686979
ERROR:root:Error on video id: pCejqfqoQZA. Message: Can't retrieve comments for video id: pCejqfqoQZA. Error message: object of type 'float' has no len()
ERROR:root:==============================================================================================================
ERROR:root:2022-10-04 08:46:49.049293
ERROR:root:Error on video id: Y83TIf5NRJ0. Message: Can't retrieve comments for video id: Y83TIf5NRJ0. Error message: object of type 'float' has no len()
ERROR:root:==============================================================================================================
ERROR:root:2022-10-04 08:47:53.312878
ERROR:root:Error on video id: Hd81i3KuI6w. Message: Can't retrieve comments for video id: Hd81i3KuI6w. Error message: object of type 'float' has no len()
ERROR:root:==============================================================================================================
ERROR:root:2022-10-04 08:48:04.109340
ERROR:root:Error on video id: eruwOiHoTTo. Message: Can't retrieve comments for video id: eruwOiHoTTo. Error message: object of type 'float' has no len()
ERROR:root:==============================================================================================================
ERROR:root:2022-10-04 08:50:06.996991
ERROR:root:Error on video id: 0PmoiC8ensA. Message: Can't retrieve comments for video id: 0PmoiC8ensA. Error message: object of type 'float' has no len()
ERROR:root:==============================================================================================================
ERROR:root:2022-10-04 08:50:59.027601
ERROR:root:Error on video id: qADHVt5v54Y. Message: Can't retrieve comments for video id: qADHVt5v54Y. Error message: object of type 'float' has no len()
ERROR:root:==============================================================================================================
ERROR:root:2022-10-04 08:51:01.911630
ERROR:root:Error on video id: WNoUaS5IHIo. Message: Can't retrieve comments for video id: WNoUaS5IHIo. Error message: object of type 'float' has no len()
ERROR:root:==============================================================================================================
ERROR:root:2022-10-04 08:51:24.267844
ERROR:root:Error on video id: UhxSOkTFGvo. Message: Can't retrieve comments for video id: UhxSOkTFGvo. Error message: object of type 'float' has no len()
ERROR:root:==============================================================================================================
ERROR:root:2022-10-04 08:51:44.388008
ERROR:root:Error on video id: TvK3m0wJutI. Message: Can't retrieve comments for video id: TvK3m0wJutI. Error message: object of type 'float' has no len()
ERROR:root:==============================================================================================================
ERROR:root:2022-10-04 08:55:25.916167
ERROR:root:Error on video id: RzpAzzZ0KnQ. Message: Can't retrieve comments for video id: RzpAzzZ0KnQ. Error message: object of type 'float' has no len()
ERROR:root:==============================================================================================================
ERROR:root:2022-10-04 08:56:11.598805
ERROR:root:Error on video id: nijccxWvyXU. Message: Can't retrieve comments for video id: nijccxWvyXU. Error message: object of type 'float' has no len()
ERROR:root:==============================================================================================================
ERROR:root:2022-10-04 08:56:58.484251
ERROR:root:Error on video id: SMqXQWGIk8s. Message: Can't retrieve comments for video id: SMqXQWGIk8s. Error message: object of type 'float' has no len()
ERROR:root:==============================================================================================================
ERROR:root:2022-10-04 08:58:05.154848
ERROR:root:Error on video id: xFuctZT-Nus. Message: Can't retrieve comments for video id: xFuctZT-Nus. Error message: object of type 'float' has no len()
ERROR:root:==============================================================================================================
ERROR:root:2022-10-04 08:58:12.161017
ERROR:root:Error on video id: dUkCaPW8xCM. Message: Can't retrieve comments for video id: dUkCaPW8xCM. Error message: object of type 'float' has no len()
ERROR:root:==============================================================================================================
ERROR:root:2022-10-04 08:58:29.056538
ERROR:root:Error on video id: u0Zx8gv7Wrk. Message: Can't retrieve comments for video id: u0Zx8gv7Wrk. Error message: object of type 'float' has no len()
ERROR:root:==============================================================================================================
ERROR:root:2022-10-04 09:00:05.450970
ERROR:root:Error on video id: Z_NgY5GiRcY. Message: Can't retrieve comments for video id: Z_NgY5GiRcY. Error message: object of type 'float' has no len()
ERROR:root:==============================================================================================================
ERROR:root:2022-10-04 09:00:53.287061
ERROR:root:Error on video id: kPG9kZmEwcs. Message: Can't retrieve comments for video id: kPG9kZmEwcs. Error message: object of type 'float' has no len()
ERROR:root:==============================================================================================================
ERROR:root:2022-10-04 09:01:10.071883
ERROR:root:Error on video id: H7qb41FaTXw. Message: Can't retrieve comments for video id: H7qb41FaTXw. Error message: object of type 'float' has no len()
ERROR:root:==============================================================================================================
ERROR:root:2022-10-04 09:01:59.367483
ERROR:root:Error on video id: twB2zAOzsKE. Message: Can't retrieve comments for video id: twB2zAOzsKE. Error message: object of type 'float' has no len()
ERROR:root:==============================================================================================================
ERROR:root:2022-10-04 09:02:32.195868
ERROR:root:Error on video id: RiJuXTGpFxI. Message: Can't retrieve comments for video id: RiJuXTGpFxI. Error message: object of type 'float' has no len()
ERROR:root:==============================================================================================================
ERROR:root:2022-10-04 09:03:23.683263
ERROR:root:Error on video id: T66eklvAqUw. Message: Can't retrieve comments for video id: T66eklvAqUw. Error message: object of type 'float' has no len()
ERROR:root:==============================================================================================================
ERROR:root:2022-10-04 09:03:26.527006
ERROR:root:Error on video id: AO0lTueqXT0. Message: Can't retrieve comments for video id: AO0lTueqXT0. Error message: object of type 'float' has no len()
ERROR:root:==============================================================================================================
ERROR:root:2022-10-04 09:03:43.215391
ERROR:root:Error on video id: pn9UQw07hbo. Message: Can't retrieve comments for video id: pn9UQw07hbo. Error message: object of type 'float' has no len()
ERROR:root:==============================================================================================================
ERROR:root:2022-10-04 09:04:09.339162
ERROR:root:Error on video id: rsNUfgrGDSo. Message: Can't retrieve comments for video id: rsNUfgrGDSo. Error message: object of type 'float' has no len()
ERROR:root:==============================================================================================================
ERROR:root:2022-10-04 09:05:04.382929
ERROR:root:Error on video id: ggehO3r1hMM. Message: Can't retrieve comments for video id: ggehO3r1hMM. Error message: object of type 'float' has no len()
ERROR:root:==============================================================================================================
ERROR:root:2022-10-04 09:06:27.690545
ERROR:root:Error on video id: pvrv8WVqGD8. Message: Can't retrieve comments for video id: pvrv8WVqGD8. Error message: object of type 'float' has no len()
ERROR:root:==============================================================================================================
ERROR:root:2022-10-04 09:06:32.204308
ERROR:root:Error on video id: o66nNnGZ5Rg. Message: Can't retrieve comments for video id: o66nNnGZ5Rg. Error message: object of type 'float' has no len()
ERROR:root:==============================================================================================================
ERROR:root:2022-10-04 09:07:08.978130
ERROR:root:Error on video id: yUBnTs3z5jI. Message: Can't retrieve comments for video id: yUBnTs3z5jI. Error message: object of type 'float' has no len()
ERROR:root:==============================================================================================================
ERROR:root:2022-10-04 09:07:28.615906
ERROR:root:Error on video id: DZML325kL5o. Message: Can't retrieve comments for video id: DZML325kL5o. Error message: object of type 'float' has no len()
ERROR:root:==============================================================================================================
ERROR:root:2022-10-04 09:08:56.859733
ERROR:root:Error on video id: Hc3RN_TEQBw. Message: Can't retrieve comments for video id: Hc3RN_TEQBw. Error message: object of type 'float' has no len()
ERROR:root:==============================================================================================================
ERROR:root:2022-10-04 09:09:00.132354
ERROR:root:Error on video id: H0poVodH4Vo. Message: Can't retrieve comments for video id: H0poVodH4Vo. Error message: object of type 'float' has no len()
ERROR:root:==============================================================================================================
ERROR:root:2022-10-04 09:09:46.293031
ERROR:root:Error on video id: UPSPj3kx3Cc. Message: Can't retrieve comments for video id: UPSPj3kx3Cc. Error message: object of type 'float' has no len()
ERROR:root:==============================================================================================================
ERROR:root:2022-10-04 09:10:11.235125
ERROR:root:Error on video id: AjIcUwRgqz0. Message: Can't retrieve comments for video id: AjIcUwRgqz0. Error message: object of type 'float' has no len()
ERROR:root:==============================================================================================================
ERROR:root:2022-10-04 09:10:42.730512
ERROR:root:Error on video id: A2sGw3w8_HA. Message: Can't retrieve comments for video id: A2sGw3w8_HA. Error message: object of type 'float' has no len()
ERROR:root:==============================================================================================================
ERROR:root:2022-10-04 09:10:46.735170
ERROR:root:Error on video id: V_2DS28bwTg. Message: Can't retrieve comments for video id: V_2DS28bwTg. Error message: object of type 'float' has no len()
ERROR:root:==============================================================================================================
ERROR:root:2022-10-04 09:11:35.120919
ERROR:root:Error on video id: u1izaIH269E. Message: Can't retrieve comments for video id: u1izaIH269E. Error message: object of type 'float' has no len()
ERROR:root:==============================================================================================================
ERROR:root:2022-10-04 09:12:45.881620
ERROR:root:Error on video id: K3SlVsdUuBY. Message: Can't retrieve comments for video id: K3SlVsdUuBY. Error message: object of type 'float' has no len()
ERROR:root:==============================================================================================================
ERROR:root:2022-10-04 09:14:35.699426
ERROR:root:Error on video id: 5906ehzIsTw. Message: Can't retrieve comments for video id: 5906ehzIsTw. Error message: object of type 'float' has no len()
ERROR:root:==============================================================================================================
ERROR:root:2022-10-04 09:15:06.954902
ERROR:root:Error on video id: reqILL6saoA. Message: Can't retrieve comments for video id: reqILL6saoA. Error message: object of type 'float' has no len()
ERROR:root:==============================================================================================================
ERROR:root:2022-10-04 09:16:21.824149
ERROR:root:Error on video id: oHKGx1pzczg. Message: Can't retrieve comments for video id: oHKGx1pzczg. Error message: object of type 'float' has no len()
ERROR:root:==============================================================================================================
ERROR:root:2022-10-04 09:16:32.506282
ERROR:root:Error on video id: _7Q3oeHsIj0. Message: Can't retrieve comments for video id: _7Q3oeHsIj0. Error message: object of type 'float' has no len()
ERROR:root:==============================================================================================================
ERROR:root:2022-10-04 09:16:35.287333
ERROR:root:Error on video id: HN7xNSNsWGA. Message: Can't retrieve comments for video id: HN7xNSNsWGA. Error message: object of type 'float' has no len()
ERROR:root:==============================================================================================================
ERROR:root:2022-10-04 09:17:31.732530
ERROR:root:Error on video id: eHQ_WImurh0. Message: Can't retrieve comments for video id: eHQ_WImurh0. Error message: object of type 'float' has no len()
ERROR:root:==============================================================================================================
ERROR:root:2022-10-04 09:18:35.417824
ERROR:root:Error on video id: IbyLWzBLLf8. Message: Can't retrieve comments for video id: IbyLWzBLLf8. Error message: object of type 'float' has no len()
ERROR:root:==============================================================================================================
ERROR:root:2022-10-04 09:19:19.487773
ERROR:root:Error on video id: _GaDHA9gRRg. Message: Can't retrieve comments for video id: _GaDHA9gRRg. Error message: object of type 'float' has no len()
ERROR:root:==============================================================================================================
ERROR:root:2022-10-04 09:20:06.854588
ERROR:root:Error on video id: uZq9OfchXEE. Message: Can't retrieve comments for video id: uZq9OfchXEE. Error message: object of type 'float' has no len()
ERROR:root:==============================================================================================================
ERROR:root:2022-10-04 09:20:14.345468
ERROR:root:Error on video id: tJbR_ase5fY. Message: Can't retrieve comments for video id: tJbR_ase5fY. Error message: object of type 'float' has no len()
ERROR:root:==============================================================================================================
ERROR:root:2022-10-04 09:20:49.104118
ERROR:root:Error on video id: 0aQvr7DRNB4. Message: Can't retrieve comments for video id: 0aQvr7DRNB4. Error message: The size of tensor a (558) must match the size of tensor b (512) at non-singleton dimension 1
ERROR:root:==============================================================================================================
ERROR:root:2022-10-04 09:21:20.424664
ERROR:root:Error on video id: Uk0D5L0TT30. Message: Can't retrieve comments for video id: Uk0D5L0TT30. Error message: object of type 'float' has no len()
ERROR:root:==============================================================================================================
ERROR:root:2022-10-04 09:23:06.178550
ERROR:root:Error on video id: sxl4aOyHSwo. Message: Can't retrieve comments for video id: sxl4aOyHSwo. Error message: object of type 'float' has no len()
ERROR:root:==============================================================================================================
ERROR:root:2022-10-04 09:23:32.089311
ERROR:root:Error on video id: b7yOuhI1dzU. Message: Can't retrieve comments for video id: b7yOuhI1dzU. Error message: object of type 'float' has no len()
ERROR:root:==============================================================================================================
ERROR:root:2022-10-04 09:23:44.793548
ERROR:root:Error on video id: oXV_CU_ryKs. Message: Can't retrieve comments for video id: oXV_CU_ryKs. Error message: object of type 'float' has no len()
ERROR:root:==============================================================================================================
ERROR:root:2022-10-04 09:25:45.632495
ERROR:root:Error on video id: iTaFbJd-74Q. Message: Can't retrieve comments for video id: iTaFbJd-74Q. Error message: object of type 'float' has no len()
ERROR:root:==============================================================================================================
ERROR:root:2022-10-04 09:26:51.575558
ERROR:root:Error on video id: HSNaPraXU80. Message: Can't retrieve comments for video id: HSNaPraXU80. Error message: object of type 'float' has no len()
ERROR:root:==============================================================================================================
ERROR:root:2022-10-04 09:28:15.590175
ERROR:root:Error on video id: uMtNpu6xBvU. Message: Can't retrieve comments for video id: uMtNpu6xBvU. Error message: object of type 'float' has no len()
ERROR:root:==============================================================================================================
ERROR:root:2022-10-04 09:28:59.686512
ERROR:root:Error on video id: wVuv1Ey3oIM. Message: Can't retrieve comments for video id: wVuv1Ey3oIM. Error message: object of type 'float' has no len()
ERROR:root:==============================================================================================================
ERROR:root:2022-10-04 09:29:23.998879
ERROR:root:Error on video id: VUkA3RvwcWw. Message: Can't retrieve comments for video id: VUkA3RvwcWw. Error message: object of type 'float' has no len()
ERROR:root:==============================================================================================================
ERROR:root:2022-10-04 09:31:30.618118
ERROR:root:Error on video id: -m8V7G7e7gw. Message: Can't retrieve comments for video id: -m8V7G7e7gw. Error message: object of type 'float' has no len()
ERROR:root:==============================================================================================================
ERROR:root:2022-10-04 09:31:30.665121
ERROR:root:Error on video id: mHLngL8VrkM. Message: Can't retrieve comments for video id: mHLngL8VrkM. Error message: object of type 'float' has no len()
ERROR:root:==============================================================================================================
ERROR:root:2022-10-04 09:32:20.579533
ERROR:root:Error on video id: zlRRoX8IlBk. Message: Can't retrieve comments for video id: zlRRoX8IlBk. Error message: object of type 'float' has no len()
ERROR:root:==============================================================================================================
ERROR:root:2022-10-04 09:33:44.153543
ERROR:root:Error on video id: NfFO_ebkuKU. Message: Can't retrieve comments for video id: NfFO_ebkuKU. Error message: object of type 'float' has no len()
ERROR:root:==============================================================================================================
ERROR:root:2022-10-04 09:34:06.831883
ERROR:root:Error on video id: tnJCFVUhghU. Message: Can't retrieve comments for video id: tnJCFVUhghU. Error message: object of type 'float' has no len()
ERROR:root:==============================================================================================================
ERROR:root:2022-10-04 09:36:45.949816
ERROR:root:Error on video id: 9VVcTh7isAo. Message: Can't retrieve comments for video id: 9VVcTh7isAo. Error message: object of type 'float' has no len()
ERROR:root:==============================================================================================================
ERROR:root:2022-10-04 09:37:30.892975
ERROR:root:Error on video id: 7GKlo2xWvuI. Message: Can't retrieve comments for video id: 7GKlo2xWvuI. Error message: object of type 'float' has no len()
ERROR:root:==============================================================================================================
ERROR:root:2022-10-04 09:37:44.885581
ERROR:root:Error on video id: Ymwe4DB_HsU. Message: Can't retrieve comments for video id: Ymwe4DB_HsU. Error message: object of type 'float' has no len()
ERROR:root:==============================================================================================================
ERROR:root:2022-10-04 09:40:16.571043
ERROR:root:Error on video id: PIRPvtJuoE4. Message: Can't retrieve comments for video id: PIRPvtJuoE4. Error message: object of type 'float' has no len()
ERROR:root:==============================================================================================================
ERROR:root:2022-10-04 09:40:29.315800
ERROR:root:Error on video id: B6h5vtY5qZU. Message: Can't retrieve comments for video id: B6h5vtY5qZU. Error message: object of type 'float' has no len()
ERROR:root:==============================================================================================================
ERROR:root:2022-10-04 09:41:17.151816
ERROR:root:Error on video id: Vp4aH5dUGi8. Message: Can't retrieve comments for video id: Vp4aH5dUGi8. Error message: object of type 'float' has no len()
ERROR:root:==============================================================================================================
ERROR:root:2022-10-04 09:41:29.659203
ERROR:root:Error on video id: lITvFNhoxek. Message: Can't retrieve comments for video id: lITvFNhoxek. Error message: object of type 'float' has no len()
ERROR:root:==============================================================================================================
ERROR:root:2022-10-04 09:41:48.034755
ERROR:root:Error on video id: Xq6XgPSgzmA. Message: Can't retrieve comments for video id: Xq6XgPSgzmA. Error message: object of type 'float' has no len()
ERROR:root:==============================================================================================================
ERROR:root:2022-10-04 09:42:04.276643
ERROR:root:Error on video id: GGOYHIqmmiM. Message: Can't retrieve comments for video id: GGOYHIqmmiM. Error message: object of type 'float' has no len()
ERROR:root:==============================================================================================================
ERROR:root:2022-10-04 09:42:11.397819
ERROR:root:Error on video id: q-lauONf9F4. Message: Can't retrieve comments for video id: q-lauONf9F4. Error message: object of type 'float' has no len()
ERROR:root:==============================================================================================================
ERROR:root:2022-10-04 09:42:21.050775
ERROR:root:Error on video id: N4iSzHXOUEE. Message: Can't retrieve comments for video id: N4iSzHXOUEE. Error message: object of type 'float' has no len()
ERROR:root:==============================================================================================================
ERROR:root:2022-10-04 09:42:24.092975
ERROR:root:Error on video id: VN08JrXZ9eM. Message: Can't retrieve comments for video id: VN08JrXZ9eM. Error message: object of type 'float' has no len()
ERROR:root:==============================================================================================================
ERROR:root:2022-10-04 09:43:00.502391
ERROR:root:Error on video id: bIqvQFqPavA. Message: Can't retrieve comments for video id: bIqvQFqPavA. Error message: object of type 'float' has no len()
ERROR:root:==============================================================================================================
ERROR:root:2022-10-04 09:43:04.902549
ERROR:root:Error on video id: Qwu51SYfQQs. Message: Can't retrieve comments for video id: Qwu51SYfQQs. Error message: object of type 'float' has no len()
ERROR:root:==============================================================================================================
ERROR:root:2022-10-04 09:43:59.557218
ERROR:root:Error on video id: qT0aE4iAnJo. Message: Can't retrieve comments for video id: qT0aE4iAnJo. Error message: object of type 'float' has no len()
ERROR:root:==============================================================================================================
ERROR:root:2022-10-04 09:44:25.281126
ERROR:root:Error on video id: OCFOM5mZx28. Message: Can't retrieve comments for video id: OCFOM5mZx28. Error message: object of type 'float' has no len()
ERROR:root:==============================================================================================================
ERROR:root:2022-10-04 09:45:27.445664
ERROR:root:Error on video id: jv2FxByFM7M. Message: Can't retrieve comments for video id: jv2FxByFM7M. Error message: object of type 'float' has no len()
ERROR:root:==============================================================================================================
ERROR:root:2022-10-04 09:45:38.090604
ERROR:root:Error on video id: ldGbapaDM8s. Message: Can't retrieve comments for video id: ldGbapaDM8s. Error message: object of type 'float' has no len()
ERROR:root:==============================================================================================================
ERROR:root:2022-10-04 09:48:17.177192
ERROR:root:Error on video id: l9Ii6xqF1-4. Message: Can't retrieve comments for video id: l9Ii6xqF1-4. Error message: object of type 'float' has no len()
ERROR:root:==============================================================================================================
ERROR:root:2022-10-04 09:48:52.986381
ERROR:root:Error on video id: wsXeTKQRtj4. Message: Can't retrieve comments for video id: wsXeTKQRtj4. Error message: object of type 'float' has no len()
ERROR:root:==============================================================================================================
ERROR:root:2022-10-04 09:49:37.642218
ERROR:root:Error on video id: 6cA3RAUs8LY. Message: Can't retrieve comments for video id: 6cA3RAUs8LY. Error message: object of type 'float' has no len()
ERROR:root:==============================================================================================================
ERROR:root:2022-10-04 09:50:03.682538
ERROR:root:Error on video id: SOlYi01FVEE. Message: Can't retrieve comments for video id: SOlYi01FVEE. Error message: object of type 'float' has no len()
ERROR:root:==============================================================================================================
ERROR:root:2022-10-04 09:50:06.246176
ERROR:root:Error on video id: usviLB895pw. Message: Can't retrieve comments for video id: usviLB895pw. Error message: object of type 'float' has no len()
ERROR:root:==============================================================================================================
ERROR:root:2022-10-04 09:54:00.293558
ERROR:root:Error on video id: V7eZNjzgzEo. Message: Can't retrieve comments for video id: V7eZNjzgzEo. Error message: object of type 'float' has no len()
ERROR:root:==============================================================================================================
ERROR:root:2022-10-04 09:54:19.098518
ERROR:root:Error on video id: nm8jpRigBgc. Message: Can't retrieve comments for video id: nm8jpRigBgc. Error message: object of type 'float' has no len()
ERROR:root:==============================================================================================================
ERROR:root:2022-10-04 09:54:30.174538
ERROR:root:Error on video id: 3v8ZcvJUwas. Message: Can't retrieve comments for video id: 3v8ZcvJUwas. Error message: object of type 'float' has no len()
ERROR:root:==============================================================================================================
ERROR:root:2022-10-04 09:55:32.848448
ERROR:root:Error on video id: gJcVnFripdc. Message: Can't retrieve comments for video id: gJcVnFripdc. Error message: object of type 'float' has no len()
ERROR:root:==============================================================================================================
ERROR:root:2022-10-04 09:56:07.271731
ERROR:root:Error on video id: 9EuIo8VqHjs. Message: Can't retrieve comments for video id: 9EuIo8VqHjs. Error message: object of type 'float' has no len()
ERROR:root:==============================================================================================================
ERROR:root:2022-10-04 09:56:31.801889
ERROR:root:Error on video id: r0EPt7-J1eY. Message: Can't retrieve comments for video id: r0EPt7-J1eY. Error message: object of type 'float' has no len()
ERROR:root:==============================================================================================================
ERROR:root:2022-10-04 09:57:20.149644
ERROR:root:Error on video id: EUDM78fXvvU. Message: Can't retrieve comments for video id: EUDM78fXvvU. Error message: object of type 'float' has no len()
ERROR:root:==============================================================================================================
ERROR:root:2022-10-04 09:59:30.450312
ERROR:root:Error on video id: lJrgG70shBA. Message: Can't retrieve comments for video id: lJrgG70shBA. Error message: object of type 'float' has no len()
ERROR:root:==============================================================================================================
ERROR:root:2022-10-04 10:00:09.465081
ERROR:root:Error on video id: u0mrzMQJMQ8. Message: Can't retrieve comments for video id: u0mrzMQJMQ8. Error message: object of type 'float' has no len()
ERROR:root:==============================================================================================================
ERROR:root:2022-10-04 10:00:19.233843
ERROR:root:Error on video id: bxKkeqN4LCI. Message: Can't retrieve comments for video id: bxKkeqN4LCI. Error message: object of type 'float' has no len()
ERROR:root:==============================================================================================================
ERROR:root:2022-10-04 10:01:56.867273
ERROR:root:Error on video id: WOT3Z9OlRJk. Message: Can't retrieve comments for video id: WOT3Z9OlRJk. Error message: object of type 'float' has no len()
ERROR:root:==============================================================================================================
ERROR:root:2022-10-04 10:04:19.807014
ERROR:root:Error on video id: 1tSR6q4VyJc. Message: Can't retrieve comments for video id: 1tSR6q4VyJc. Error message: object of type 'float' has no len()
ERROR:root:==============================================================================================================
ERROR:root:2022-10-04 10:04:59.753678
ERROR:root:Error on video id: EIhWIAHov6U. Message: Can't retrieve comments for video id: EIhWIAHov6U. Error message: object of type 'float' has no len()
ERROR:root:==============================================================================================================
ERROR:root:2022-10-04 10:05:48.793616
ERROR:root:Error on video id: JeqT2NvTFSw. Message: Can't retrieve comments for video id: JeqT2NvTFSw. Error message: object of type 'float' has no len()
ERROR:root:==============================================================================================================
ERROR:root:2022-10-04 10:08:35.424886
ERROR:root:Error on video id: f-6znWUbWWw. Message: Can't retrieve comments for video id: f-6znWUbWWw. Error message: object of type 'float' has no len()
ERROR:root:==============================================================================================================
ERROR:root:2022-10-04 10:09:25.885060
ERROR:root:Error on video id: ii7ZGKUuT9s. Message: Can't retrieve comments for video id: ii7ZGKUuT9s. Error message: object of type 'float' has no len()
ERROR:root:==============================================================================================================
ERROR:root:2022-10-04 10:09:54.573456
ERROR:root:Error on video id: NTlHVvvC4U0. Message: Can't retrieve comments for video id: NTlHVvvC4U0. Error message: object of type 'float' has no len()
ERROR:root:==============================================================================================================
ERROR:root:2022-10-04 10:10:20.053861
ERROR:root:Error on video id: cISh0wmeZBQ. Message: Can't retrieve comments for video id: cISh0wmeZBQ. Error message: object of type 'float' has no len()
ERROR:root:==============================================================================================================
ERROR:root:2022-10-04 10:10:22.626083
ERROR:root:Error on video id: 1iEZehSK-e4. Message: Can't retrieve comments for video id: 1iEZehSK-e4. Error message: object of type 'float' has no len()
ERROR:root:==============================================================================================================
ERROR:root:2022-10-04 10:11:53.281335
ERROR:root:Error on video id: KnGcWVoxftI. Message: Can't retrieve comments for video id: KnGcWVoxftI. Error message: object of type 'float' has no len()
ERROR:root:==============================================================================================================
ERROR:root:2022-10-04 10:12:18.779529
ERROR:root:Error on video id: F1VbBOTXzfI. Message: Can't retrieve comments for video id: F1VbBOTXzfI. Error message: object of type 'float' has no len()
ERROR:root:==============================================================================================================
ERROR:root:2022-10-04 10:12:48.071212
ERROR:root:Error on video id: jAcO6byawpo. Message: Can't retrieve comments for video id: jAcO6byawpo. Error message: object of type 'float' has no len()
ERROR:root:==============================================================================================================
ERROR:root:2022-10-04 10:12:50.681762
ERROR:root:Error on video id: ixgd38EZIR0. Message: Can't retrieve comments for video id: ixgd38EZIR0. Error message: object of type 'float' has no len()
ERROR:root:==============================================================================================================
ERROR:root:2022-10-04 10:13:11.966536
ERROR:root:Error on video id: sNlSBM8jVOY. Message: Can't retrieve comments for video id: sNlSBM8jVOY. Error message: object of type 'float' has no len()
ERROR:root:==============================================================================================================
ERROR:root:2022-10-04 10:13:22.266737
ERROR:root:Error on video id: XoM_dM7tQvI. Message: Can't retrieve comments for video id: XoM_dM7tQvI. Error message: object of type 'float' has no len()
ERROR:root:==============================================================================================================
ERROR:root:2022-10-04 10:17:34.766654
ERROR:root:Error on video id: JtG2DJnLBEk. Message: Can't retrieve comments for video id: JtG2DJnLBEk. Error message: object of type 'float' has no len()
ERROR:root:==============================================================================================================
ERROR:root:2022-10-04 10:18:29.543977
ERROR:root:Error on video id: nWa4INxk4y4. Message: Can't retrieve comments for video id: nWa4INxk4y4. Error message: object of type 'float' has no len()
ERROR:root:==============================================================================================================
ERROR:root:2022-10-04 10:20:21.764582
ERROR:root:Error on video id: YGraucjOUGI. Message: Can't retrieve comments for video id: YGraucjOUGI. Error message: object of type 'float' has no len()
ERROR:root:==============================================================================================================
ERROR:root:2022-10-04 10:20:35.746965
ERROR:root:Error on video id: myjar5KoqZA. Message: Can't retrieve comments for video id: myjar5KoqZA. Error message: object of type 'float' has no len()
ERROR:root:==============================================================================================================
ERROR:root:2022-10-04 10:20:47.921267
ERROR:root:Error on video id: CbUEH1XbXTo. Message: Can't retrieve comments for video id: CbUEH1XbXTo. Error message: object of type 'float' has no len()
ERROR:root:==============================================================================================================
ERROR:root:2022-10-04 10:20:50.390021
ERROR:root:Error on video id: 1PCzjhT5DIE. Message: Can't retrieve comments for video id: 1PCzjhT5DIE. Error message: object of type 'float' has no len()
ERROR:root:==============================================================================================================
ERROR:root:2022-10-04 10:21:27.767990
ERROR:root:Error on video id: n44EWI92Tc8. Message: Can't retrieve comments for video id: n44EWI92Tc8. Error message: object of type 'float' has no len()
ERROR:root:==============================================================================================================
ERROR:root:2022-10-04 10:21:37.190970
ERROR:root:Error on video id: SX5BCgmr7tg. Message: Can't retrieve comments for video id: SX5BCgmr7tg. Error message: object of type 'float' has no len()
ERROR:root:==============================================================================================================
ERROR:root:2022-10-04 10:22:06.737767
ERROR:root:Error on video id: 80_L_LsOexE. Message: Can't retrieve comments for video id: 80_L_LsOexE. Error message: object of type 'float' has no len()
ERROR:root:==============================================================================================================
ERROR:root:2022-10-04 10:22:29.868601
ERROR:root:Error on video id: RtJOpffnzro. Message: Can't retrieve comments for video id: RtJOpffnzro. Error message: object of type 'float' has no len()
ERROR:root:==============================================================================================================
ERROR:root:2022-10-04 10:23:45.777392
ERROR:root:Error on video id: mHph8Eitu5U. Message: Can't retrieve comments for video id: mHph8Eitu5U. Error message: object of type 'float' has no len()
ERROR:root:==============================================================================================================
ERROR:root:2022-10-04 10:24:06.419572
ERROR:root:Error on video id: IMVrHXAwljc. Message: Can't retrieve comments for video id: IMVrHXAwljc. Error message: object of type 'float' has no len()
ERROR:root:==============================================================================================================
ERROR:root:2022-10-04 10:24:07.732077
ERROR:root:Error on video id: z4F7DmvR_cc. Message: Can't retrieve comments for video id: z4F7DmvR_cc. Error message: object of type 'float' has no len()
ERROR:root:==============================================================================================================
ERROR:root:2022-10-04 10:24:28.827221
ERROR:root:Error on video id: YWmbl_7VVYk. Message: Can't retrieve comments for video id: YWmbl_7VVYk. Error message: object of type 'float' has no len()
